
**** Build of configuration Debug for project deneme_1 ****

/opt/ti/ccs1011/ccs/utils/bin/gmake -k -j 4 all -O 
 
Building file: "../hello.c"
Invoking: ARM Compiler
"/opt/ti/ccs1011/ccs/tools/compiler/ti-cgt-arm_20.2.1.LTS/bin/armcl" -mv7M4 --code_state=16 -me --include_path="/home/vestel/workspace_ccs/deneme_1" --include_path="/opt/ti/ccs1011/ccs/tools/compiler/ti-cgt-arm_20.2.1.LTS/include" -g --diag_warning=225 --diag_wrap=off --display_error_number --abi=eabi --preproc_with_compile --preproc_dependency="hello.d_raw"  "../hello.c"
Finished building: "../hello.c"
 
Building target: "deneme_1.out"
Invoking: ARM Linker
"/opt/ti/ccs1011/ccs/tools/compiler/ti-cgt-arm_20.2.1.LTS/bin/armcl" -mv7M4 --code_state=16 -me -g --diag_warning=225 --diag_wrap=off --display_error_number --abi=eabi -z -m"deneme_1.map" --heap_size=0 --stack_size=256 -i"/opt/ti/ccs1011/ccs/tools/compiler/ti-cgt-arm_20.2.1.LTS/lib" -i"/opt/ti/ccs1011/ccs/tools/compiler/ti-cgt-arm_20.2.1.LTS/include" --reread_libs --diag_wrap=off --display_error_number --warn_sections --xml_link_info="deneme_1_linkInfo.xml" --rom_model -o "deneme_1.out" "./hello.obj" "../cc26x2r1f.cmd"  -llibc.a 
<Linking>
 
 undefined first referenced
  symbol       in file     
 --------- ----------------
 ResetISR                  
 
error #10234-D: unresolved symbols remain
 
warning #10062-D: entry-point symbol "ResetISR" undefined
>> Compilation failure
makefile:139: recipe for target 'deneme_1.out' failed
error #10010: errors encountered during linking; "deneme_1.out" not built
gmake[1]: *** [deneme_1.out] Error 1
gmake: *** [all] Error 2
makefile:135: recipe for target 'all' failed

**** Build Finished ****
