
**** Build of configuration Debug for project display_CC26X2R1_LAUNCHXL_tirtos_ccs ****

/opt/ti/ccs1011/ccs/utils/bin/gmake -k -j 4 all -O 
 
Building file: "../display.syscfg"
Invoking: SysConfig
"/opt/ti/ccs1011/ccs/utils/sysconfig_1.6.0/sysconfig_cli.sh" -s "/home/vestel/ti/simplelink_cc13x2_26x2_sdk_4_30_00_54/.metadata/product.json" -o "syscfg" --compiler ccs "../display.syscfg"
Running script...
Validating...
Generating Code...
    '/ti/display' -> '/ti/drivers'
Unchanged /home/vestel/workspace_ccs/display_CC26X2R1_LAUNCHXL_tirtos_ccs/Debug/syscfg/ti_devices_config.c...
Unchanged /home/vestel/workspace_ccs/display_CC26X2R1_LAUNCHXL_tirtos_ccs/Debug/syscfg/ti_drivers_config.c...
Unchanged /home/vestel/workspace_ccs/display_CC26X2R1_LAUNCHXL_tirtos_ccs/Debug/syscfg/ti_drivers_config.h...
Unchanged /home/vestel/workspace_ccs/display_CC26X2R1_LAUNCHXL_tirtos_ccs/Debug/syscfg/ti_utils_build_linker.cmd.genlibs...
Unchanged /home/vestel/workspace_ccs/display_CC26X2R1_LAUNCHXL_tirtos_ccs/Debug/syscfg/syscfg_c.rov.xs...
Unchanged /home/vestel/workspace_ccs/display_CC26X2R1_LAUNCHXL_tirtos_ccs/Debug/syscfg/ti_utils_runtime_model.gv...
Unchanged /home/vestel/workspace_ccs/display_CC26X2R1_LAUNCHXL_tirtos_ccs/Debug/syscfg/ti_utils_runtime_Makefile...
Finished building: "../display.syscfg"
 
Building file: "../display.syscfg"
Invoking: SysConfig
"/opt/ti/ccs1011/ccs/utils/sysconfig_1.6.0/sysconfig_cli.sh" -s "/home/vestel/ti/simplelink_cc13x2_26x2_sdk_4_30_00_54/.metadata/product.json" -o "syscfg" --compiler ccs "../display.syscfg"
Running script...
Validating...
Generating Code...
    '/ti/display' -> '/ti/drivers'
Unchanged /home/vestel/workspace_ccs/display_CC26X2R1_LAUNCHXL_tirtos_ccs/Debug/syscfg/ti_devices_config.c...
Unchanged /home/vestel/workspace_ccs/display_CC26X2R1_LAUNCHXL_tirtos_ccs/Debug/syscfg/ti_drivers_config.c...
Unchanged /home/vestel/workspace_ccs/display_CC26X2R1_LAUNCHXL_tirtos_ccs/Debug/syscfg/ti_drivers_config.h...
Unchanged /home/vestel/workspace_ccs/display_CC26X2R1_LAUNCHXL_tirtos_ccs/Debug/syscfg/ti_utils_build_linker.cmd.genlibs...
Unchanged /home/vestel/workspace_ccs/display_CC26X2R1_LAUNCHXL_tirtos_ccs/Debug/syscfg/syscfg_c.rov.xs...
Unchanged /home/vestel/workspace_ccs/display_CC26X2R1_LAUNCHXL_tirtos_ccs/Debug/syscfg/ti_utils_runtime_model.gv...
Unchanged /home/vestel/workspace_ccs/display_CC26X2R1_LAUNCHXL_tirtos_ccs/Debug/syscfg/ti_utils_runtime_Makefile...
Finished building: "../display.syscfg"
 

**** Build Finished ****
