
**** Build of configuration Release for project multi_role_CC26X2R1_LAUNCHXL_tirtos_ccs ****

/opt/ti/ccs1011/ccs/utils/bin/gmake -k -j 4 all -O 
 
making ../src/sysbios/rom_sysbios.aem4f ...
gmake[1]: Nothing to be done for 'all'.
Building file: "../Application/multi_role.c"
Invoking: ARM Compiler
"/opt/ti/ccs1011/ccs/tools/compiler/ti-cgt-arm_20.2.1.LTS/bin/armcl" --cmd_file="/home/vestel/workspace_ccs/multi_role_CC26X2R1_LAUNCHXL_tirtos_ccs/Release/syscfg/ti_ble_app_config.opt" --cmd_file="/home/vestel/workspace_ccs/multi_role_CC26X2R1_LAUNCHXL_tirtos_ccs/Release/syscfg/ti_build_config.opt" --cmd_file="/home/vestel/ti/simplelink_cc13x2_26x2_sdk_4_30_00_54/source/ti/ble5stack/config/build_components.opt" --cmd_file="/home/vestel/ti/simplelink_cc13x2_26x2_sdk_4_30_00_54/source/ti/ble5stack/config/factory_config.opt"  -mv7M4 --code_state=16 --float_support=FPv4SPD16 -me -O4 --opt_for_speed=0 --include_path="/home/vestel/workspace_ccs/multi_role_CC26X2R1_LAUNCHXL_tirtos_ccs" --include_path="/home/vestel/workspace_ccs/multi_role_CC26X2R1_LAUNCHXL_tirtos_ccs/Release" --include_path="/home/vestel/workspace_ccs/multi_role_CC26X2R1_LAUNCHXL_tirtos_ccs/Application" --include_path="/home/vestel/ti/simplelink_cc13x2_26x2_sdk_4_30_00_54/source" --include_path="/home/vestel/ti/simplelink_cc13x2_26x2_sdk_4_30_00_54/kernel/tirtos/packages" --include_path="/home/vestel/ti/simplelink_cc13x2_26x2_sdk_4_30_00_54/source/ti/ble5stack/controller/cc26xx/inc" --include_path="/home/vestel/ti/simplelink_cc13x2_26x2_sdk_4_30_00_54/source/ti/ble5stack/inc" --include_path="/home/vestel/ti/simplelink_cc13x2_26x2_sdk_4_30_00_54/source/ti/ble5stack/rom" --include_path="/home/vestel/ti/simplelink_cc13x2_26x2_sdk_4_30_00_54/source/ti/ble5stack/common/cc26xx" --include_path="/home/vestel/ti/simplelink_cc13x2_26x2_sdk_4_30_00_54/source/ti/ble5stack/icall/inc" --include_path="/home/vestel/ti/simplelink_cc13x2_26x2_sdk_4_30_00_54/source/ti/ble5stack/hal/src/target/_common" --include_path="/home/vestel/ti/simplelink_cc13x2_26x2_sdk_4_30_00_54/source/ti/ble5stack/hal/src/target/_common/cc26xx" --include_path="/home/vestel/ti/simplelink_cc13x2_26x2_sdk_4_30_00_54/source/ti/ble5stack/hal/src/inc" --include_path="/home/vestel/ti/simplelink_cc13x2_26x2_sdk_4_30_00_54/source/ti/ble5stack/heapmgr" --include_path="/home/vestel/ti/simplelink_cc13x2_26x2_sdk_4_30_00_54/source/ti/ble5stack/profiles/dev_info" --include_path="/home/vestel/ti/simplelink_cc13x2_26x2_sdk_4_30_00_54/source/ti/ble5stack/profiles/simple_profile" --include_path="/home/vestel/ti/simplelink_cc13x2_26x2_sdk_4_30_00_54/source/ti/ble5stack/icall/src/inc" --include_path="/home/vestel/ti/simplelink_cc13x2_26x2_sdk_4_30_00_54/source/ti/ble5stack/osal/src/inc" --include_path="/home/vestel/ti/simplelink_cc13x2_26x2_sdk_4_30_00_54/source/ti/ble5stack/services/src/saddr" --include_path="/home/vestel/ti/simplelink_cc13x2_26x2_sdk_4_30_00_54/source/ti/ble5stack/services/src/sdata" --include_path="/home/vestel/ti/simplelink_cc13x2_26x2_sdk_4_30_00_54/source/ti/common/nv" --include_path="/home/vestel/ti/simplelink_cc13x2_26x2_sdk_4_30_00_54/source/ti/common/cc26xx" --include_path="/home/vestel/ti/simplelink_cc13x2_26x2_sdk_4_30_00_54/source/ti/devices/cc13x2_cc26x2" --include_path="/home/vestel/ti/simplelink_cc13x2_26x2_sdk_4_30_00_54/source/ti/posix/ccs" --include_path="/opt/ti/ccs1011/ccs/tools/compiler/ti-cgt-arm_20.2.1.LTS/include" --define=DeviceFamily_CC26X2 --define=FLASH_ROM_BUILD --define=NVOCMP_NWSAMEITEM=1 -g --c99 --gcc --diag_warning=225 --diag_warning=255 --diag_wrap=off --display_error_number --gen_func_subsections=on --abi=eabi --preproc_with_compile --preproc_dependency="Application/multi_role.d_raw" --include_path="/home/vestel/workspace_ccs/multi_role_CC26X2R1_LAUNCHXL_tirtos_ccs/Release/syscfg" --obj_directory="Application" --cmd_file="syscfg/ti_build_config.opt" --cmd_file="syscfg/ti_ble_app_config.opt" --cmd_file="configPkg/compiler.opt"  "../Application/multi_role.c"
"../Application/multi_role.c", line 1404: warning #225-D: function "Util_convertBytes2Str" declared implicitly
"../Application/multi_role.c", line 1411: warning #225-D: function "Util_convertBytes2Str" declared implicitly
"../Application/multi_role.c", line 1436: warning #179-D: variable "Report" was declared but never referenced
"../Application/multi_role.c", line 1730: warning #169-D: argument of type "uint8_t *" is incompatible with parameter of type "const char *"
Finished building: "../Application/multi_role.c"
 
making ../src/sysbios/rom_sysbios.aem4f ...
gmake[2]: Nothing to be done for 'all'.
Building target: "multi_role_CC26X2R1_LAUNCHXL_tirtos_ccs.out"
Invoking: ARM Linker
"/opt/ti/ccs1011/ccs/tools/compiler/ti-cgt-arm_20.2.1.LTS/bin/armcl" --cmd_file="/home/vestel/workspace_ccs/multi_role_CC26X2R1_LAUNCHXL_tirtos_ccs/Release/syscfg/ti_ble_app_config.opt" --cmd_file="/home/vestel/workspace_ccs/multi_role_CC26X2R1_LAUNCHXL_tirtos_ccs/Release/syscfg/ti_build_config.opt" --cmd_file="/home/vestel/ti/simplelink_cc13x2_26x2_sdk_4_30_00_54/source/ti/ble5stack/config/build_components.opt" --cmd_file="/home/vestel/ti/simplelink_cc13x2_26x2_sdk_4_30_00_54/source/ti/ble5stack/config/factory_config.opt"  -mv7M4 --code_state=16 --float_support=FPv4SPD16 -me -O4 --opt_for_speed=0 --define=DeviceFamily_CC26X2 --define=FLASH_ROM_BUILD --define=NVOCMP_NWSAMEITEM=1 -g --c99 --gcc --diag_warning=225 --diag_warning=255 --diag_wrap=off --display_error_number --gen_func_subsections=on --abi=eabi -z -m"multi_role_CC26X2R1_LAUNCHXL_tirtos_ccs.map" -i"/home/vestel/ti/simplelink_cc13x2_26x2_sdk_4_30_00_54/source" -i"/home/vestel/ti/simplelink_cc13x2_26x2_sdk_4_30_00_54/kernel/tirtos/packages" -i"/opt/ti/ccs1011/ccs/tools/compiler/ti-cgt-arm_20.2.1.LTS/lib" --reread_libs --define=FLASH_ROM_BUILD=2 --diag_suppress=16002-D --diag_suppress=10247-D --diag_suppress=10325-D --diag_suppress=10229-D --diag_suppress=16032-D --diag_wrap=off --display_error_number --warn_sections --xml_link_info="multi_role_CC26X2R1_LAUNCHXL_tirtos_ccs_linkInfo.xml" --rom_model -o "multi_role_CC26X2R1_LAUNCHXL_tirtos_ccs.out" "./syscfg/ti_ble_config.obj" "./syscfg/ti_devices_config.obj" "./syscfg/ti_radio_config.obj" "./syscfg/ti_drivers_config.obj" "./Application/board_key.obj" "./Application/multi_role.obj" "./Application/multi_role_menu.obj" "./Application/two_btn_menu.obj" "./Application/util.obj" "./Drivers/NV/crc.obj" "./Drivers/NV/nvocmp.obj" "./Profiles/devinfoservice.obj" "./Profiles/gatt_uuid.obj" "./Profiles/gattservapp_util.obj" "./Profiles/simple_gatt_profile.obj" "./Startup/ble_user_config_stack.obj" "./Startup/main.obj" "./Startup/osal_icall_ble.obj" "./Startup/rom_init.obj" "./iCall/icall.obj" "./iCall/icall_cc2650.obj" "./iCall/icall_user_config.obj" "./iCallBLE/ble_user_config.obj" "./iCallBLE/icall_api_lite.obj" "../cc13x2_cc26x2_app.cmd" -l"configPkg/linker.cmd"  -l"/home/vestel/workspace_ccs/multi_role_CC26X2R1_LAUNCHXL_tirtos_ccs/Release/syscfg/ti_utils_build_linker.cmd.genlibs" -l"ti/devices/cc13x2_cc26x2/driverlib/bin/ccs/driverlib.lib" -llibc.a 
<Linking>
 
 undefined             first referenced
  symbol                   in file     
 ---------             ----------------
 Util_convertBytes2Str <whole-program> 
 
error #10234-D: unresolved symbols remain
error #10010: errors encountered during linking; "multi_role_CC26X2R1_LAUNCHXL_tirtos_ccs.out" not built
 
>> Compilation failure
makefile:178: recipe for target 'multi_role_CC26X2R1_LAUNCHXL_tirtos_ccs.out' failed
gmake[1]: *** [multi_role_CC26X2R1_LAUNCHXL_tirtos_ccs.out] Error 1
gmake: *** [all] Error 2
makefile:174: recipe for target 'all' failed

**** Build Finished ****
