
**** Build of configuration Debug for project pwmled2_CC2640R2_LAUNCHXL_tirtos_ccs ****

/opt/ti/ccs1011/ccs/utils/bin/gmake -k -j 4 all -O 
 
Building file: "../ccfg.c"
Invoking: ARM Compiler
"/opt/ti/ccs1011/ccs/tools/compiler/ti-cgt-arm_20.2.1.LTS/bin/armcl" -mv7M3 --code_state=16 --float_support=vfplib -me --include_path="/home/vestel/workspace_ccs/pwmled2_CC2640R2_LAUNCHXL_tirtos_ccs" --include_path="/home/vestel/ti/simplelink_cc2640r2_sdk_4_30_00_08/source/ti/posix/ccs" --include_path="/opt/ti/ccs1011/ccs/tools/compiler/ti-cgt-arm_20.2.1.LTS/include" --define=DeviceFamily_CC26X0R2 -g --diag_warning=225 --diag_warning=255 --diag_wrap=off --display_error_number --gen_func_subsections=on --preproc_with_compile --preproc_dependency="ccfg.d_raw" --cmd_file="/home/vestel/workspace_ccs/tirtos_builds_CC2640R2_LAUNCHXL_release_ccs/Debug/configPkg/compiler.opt"  "../ccfg.c"
Finished building: "../ccfg.c"
 
Building file: "../CC2640R2_LAUNCHXL_fxns.c"
Invoking: ARM Compiler
"/opt/ti/ccs1011/ccs/tools/compiler/ti-cgt-arm_20.2.1.LTS/bin/armcl" -mv7M3 --code_state=16 --float_support=vfplib -me --include_path="/home/vestel/workspace_ccs/pwmled2_CC2640R2_LAUNCHXL_tirtos_ccs" --include_path="/home/vestel/ti/simplelink_cc2640r2_sdk_4_30_00_08/source/ti/posix/ccs" --include_path="/opt/ti/ccs1011/ccs/tools/compiler/ti-cgt-arm_20.2.1.LTS/include" --define=DeviceFamily_CC26X0R2 -g --diag_warning=225 --diag_warning=255 --diag_wrap=off --display_error_number --gen_func_subsections=on --preproc_with_compile --preproc_dependency="CC2640R2_LAUNCHXL_fxns.d_raw" --cmd_file="/home/vestel/workspace_ccs/tirtos_builds_CC2640R2_LAUNCHXL_release_ccs/Debug/configPkg/compiler.opt"  "../CC2640R2_LAUNCHXL_fxns.c"
Finished building: "../CC2640R2_LAUNCHXL_fxns.c"
 
Building file: "../main_tirtos.c"
Invoking: ARM Compiler
"/opt/ti/ccs1011/ccs/tools/compiler/ti-cgt-arm_20.2.1.LTS/bin/armcl" -mv7M3 --code_state=16 --float_support=vfplib -me --include_path="/home/vestel/workspace_ccs/pwmled2_CC2640R2_LAUNCHXL_tirtos_ccs" --include_path="/home/vestel/ti/simplelink_cc2640r2_sdk_4_30_00_08/source/ti/posix/ccs" --include_path="/opt/ti/ccs1011/ccs/tools/compiler/ti-cgt-arm_20.2.1.LTS/include" --define=DeviceFamily_CC26X0R2 -g --diag_warning=225 --diag_warning=255 --diag_wrap=off --display_error_number --gen_func_subsections=on --preproc_with_compile --preproc_dependency="main_tirtos.d_raw" --cmd_file="/home/vestel/workspace_ccs/tirtos_builds_CC2640R2_LAUNCHXL_release_ccs/Debug/configPkg/compiler.opt"  "../main_tirtos.c"
Finished building: "../main_tirtos.c"
 
Building file: "../pwmled2.c"
Invoking: ARM Compiler
"/opt/ti/ccs1011/ccs/tools/compiler/ti-cgt-arm_20.2.1.LTS/bin/armcl" -mv7M3 --code_state=16 --float_support=vfplib -me --include_path="/home/vestel/workspace_ccs/pwmled2_CC2640R2_LAUNCHXL_tirtos_ccs" --include_path="/home/vestel/ti/simplelink_cc2640r2_sdk_4_30_00_08/source/ti/posix/ccs" --include_path="/opt/ti/ccs1011/ccs/tools/compiler/ti-cgt-arm_20.2.1.LTS/include" --define=DeviceFamily_CC26X0R2 -g --diag_warning=225 --diag_warning=255 --diag_wrap=off --display_error_number --gen_func_subsections=on --preproc_with_compile --preproc_dependency="pwmled2.d_raw" --cmd_file="/home/vestel/workspace_ccs/tirtos_builds_CC2640R2_LAUNCHXL_release_ccs/Debug/configPkg/compiler.opt"  "../pwmled2.c"
Finished building: "../pwmled2.c"
 
Building file: "../CC2640R2_LAUNCHXL.c"
Invoking: ARM Compiler
"/opt/ti/ccs1011/ccs/tools/compiler/ti-cgt-arm_20.2.1.LTS/bin/armcl" -mv7M3 --code_state=16 --float_support=vfplib -me --include_path="/home/vestel/workspace_ccs/pwmled2_CC2640R2_LAUNCHXL_tirtos_ccs" --include_path="/home/vestel/ti/simplelink_cc2640r2_sdk_4_30_00_08/source/ti/posix/ccs" --include_path="/opt/ti/ccs1011/ccs/tools/compiler/ti-cgt-arm_20.2.1.LTS/include" --define=DeviceFamily_CC26X0R2 -g --diag_warning=225 --diag_warning=255 --diag_wrap=off --display_error_number --gen_func_subsections=on --preproc_with_compile --preproc_dependency="CC2640R2_LAUNCHXL.d_raw" --cmd_file="/home/vestel/workspace_ccs/tirtos_builds_CC2640R2_LAUNCHXL_release_ccs/Debug/configPkg/compiler.opt"  "../CC2640R2_LAUNCHXL.c"
Finished building: "../CC2640R2_LAUNCHXL.c"
 
Building target: "pwmled2_CC2640R2_LAUNCHXL_tirtos_ccs.out"
Invoking: ARM Linker
"/opt/ti/ccs1011/ccs/tools/compiler/ti-cgt-arm_20.2.1.LTS/bin/armcl" -mv7M3 --code_state=16 --float_support=vfplib -me --define=DeviceFamily_CC26X0R2 -g --diag_warning=225 --diag_warning=255 --diag_wrap=off --display_error_number --gen_func_subsections=on -z -m"pwmled2_CC2640R2_LAUNCHXL_tirtos_ccs.map" -i"/home/vestel/ti/simplelink_cc2640r2_sdk_4_30_00_08/source" -i"/home/vestel/ti/simplelink_cc2640r2_sdk_4_30_00_08/kernel/tirtos/packages" -i"/opt/ti/ccs1011/ccs/tools/compiler/ti-cgt-arm_20.2.1.LTS/lib" --diag_wrap=off --display_error_number --warn_sections --xml_link_info="pwmled2_CC2640R2_LAUNCHXL_tirtos_ccs_linkInfo.xml" --rom_model -o "pwmled2_CC2640R2_LAUNCHXL_tirtos_ccs.out" "./CC2640R2_LAUNCHXL.obj" "./CC2640R2_LAUNCHXL_fxns.obj" "./ccfg.obj" "./main_tirtos.obj" "./pwmled2.obj" "../CC2640R2_LAUNCHXL_TIRTOS.cmd" -l"ti/display/lib/display.aem3" -l"ti/grlib/lib/ccs/m3/grlib.a" -l"third_party/spiffs/lib/ccs/m3/spiffs_cc26xx.a" -l"ti/drivers/rf/lib/rf_multiMode_cc26x0r2.aem3" -l"ti/drivers/lib/drivers_cc26x0r2.aem3" -l"ti/dpl/lib/dpl_cc26x0r2.aem3" -l"/home/vestel/workspace_ccs/tirtos_builds_CC2640R2_LAUNCHXL_release_ccs/Debug/configPkg/linker.cmd"  -l"ti/devices/cc26x0r2/driverlib/bin/ccs/driverlib.lib" -llibc.a 
<Linking>
Finished building target: "pwmled2_CC2640R2_LAUNCHXL_tirtos_ccs.out"
 

**** Build Finished ****
