
**** Build of configuration Debug for project tirtos_builds_CC2640R2_LAUNCHXL_release_ccs ****

/opt/ti/ccs1011/ccs/utils/bin/gmake -k -j 4 all -O 
 
Building file: "../release.cfg"
Invoking: XDCtools
"/opt/ti/ccs1011/xdctools_3_61_02_27_core/xs" --xdcpath="/home/vestel/ti/simplelink_cc2640r2_sdk_4_30_00_08/source;/home/vestel/ti/simplelink_cc2640r2_sdk_4_30_00_08/kernel/tirtos/packages;" xdc.tools.configuro -o configPkg -t ti.targets.arm.elf.M3 -p ti.platforms.simplelink:CC2640R2F -r release -c "/opt/ti/ccs1011/ccs/tools/compiler/ti-cgt-arm_20.2.1.LTS" --compileOptions " -DDeviceFamily_CC26X0R2 " "../release.cfg"
making package.mak (because of package.bld) ...
generating interfaces for package configPkg (because package/package.xdc.inc is older than package.xdc) ...
configuring release.xem3 from package/cfg/release_pem3.cfg ...
generating custom ROM library makefile ... 
Starting build of library sources ...
making /home/vestel/workspace_ccs/tirtos_builds_CC2640R2_LAUNCHXL_release_ccs/src/sysbios/rom_sysbios.aem3 ...
clem3 /home/vestel/ti/simplelink_cc2640r2_sdk_4_30_00_08/kernel/tirtos/packages/ti/sysbios/BIOS.c ...
asmem3 /home/vestel/ti/simplelink_cc2640r2_sdk_4_30_00_08/kernel/tirtos/packages/ti/sysbios/family/arm/m3/Hwi_asm.sv7M ...
asmem3 /home/vestel/ti/simplelink_cc2640r2_sdk_4_30_00_08/kernel/tirtos/packages/ti/sysbios/family/arm/m3/Hwi_asm_switch.sv7M ...
asmem3 /home/vestel/ti/simplelink_cc2640r2_sdk_4_30_00_08/kernel/tirtos/packages/ti/sysbios/family/arm/m3/IntrinsicsSupport_asm.sv7M ...
asmem3 /home/vestel/ti/simplelink_cc2640r2_sdk_4_30_00_08/kernel/tirtos/packages/ti/sysbios/family/arm/m3/TaskSupport_asm.sv7M ...
arem3 rom_sysbios.obj m3_Hwi_asm.obj m3_Hwi_asm_switch.obj m3_IntrinsicsSupport_asm.obj m3_TaskSupport_asm.obj ...
Build of libraries done.
clem3 package/cfg/release_pem3.c ...
Finished building: "../release.cfg"
 
making ../src/sysbios/rom_sysbios.aem3 ...
gmake[1]: Nothing to be done for 'all'.
gmake[1]: Nothing to be done for 'configPkg/linker.cmd'.
making ../src/sysbios/rom_sysbios.aem3 ...
gmake[2]: Nothing to be done for 'all'.

**** Build Finished ****
