
**** Build of configuration Debug for project tirtos_builds_cc13x2_cc26x2_release_gcc ****

/opt/ti/ccs1011/ccs/utils/bin/gmake -k -j 4 all -O 
 
Building file: "../release.cfg"
Invoking: XDCtools
"/opt/ti/ccs1011/xdctools_3_61_02_27_core/xs" --xdcpath="/home/vestel/ti/simplelink_cc13x2_26x2_sdk_4_30_00_54/source;/home/vestel/ti/simplelink_cc13x2_26x2_sdk_4_30_00_54/kernel/tirtos/packages;" xdc.tools.configuro -o configPkg -t gnu.targets.arm.M4F -p ti.platforms.simplelink:CC13X2_CC26X2 -r release -c "/home/vestel/ti/gcc_arm_none_eabi_9_2_1" --compileOptions " -DDeviceFamily_CC13X2_CC26X2 " "../release.cfg"
making package.mak (because of package.bld) ...
generating interfaces for package configPkg (because package/package.xdc.inc is older than package.xdc) ...
configuring release.xm4fg from package/cfg/release_pm4fg.cfg ...
generating custom ROM library makefile ... 
Starting build of library sources ...
making /home/vestel/workspace_ccs/tirtos_builds_cc13x2_cc26x2_release_gcc/src/sysbios/rom_sysbios.am4fg ...
asmm4fg /home/vestel/ti/simplelink_cc13x2_26x2_sdk_4_30_00_54/kernel/tirtos/packages/ti/sysbios/family/arm/m3/Hwi_asm_gnu.sv7M ...
asmm4fg /home/vestel/ti/simplelink_cc13x2_26x2_sdk_4_30_00_54/kernel/tirtos/packages/ti/sysbios/family/arm/m3/Hwi_asm_switch_gnu.sv7M ...
asmm4fg /home/vestel/ti/simplelink_cc13x2_26x2_sdk_4_30_00_54/kernel/tirtos/packages/ti/sysbios/family/arm/m3/IntrinsicsSupport_asm_gnu.sv7M ...
asmm4fg /home/vestel/ti/simplelink_cc13x2_26x2_sdk_4_30_00_54/kernel/tirtos/packages/ti/sysbios/family/arm/m3/TaskSupport_asm_gnu.sv7M ...
clm4fg /home/vestel/ti/simplelink_cc13x2_26x2_sdk_4_30_00_54/kernel/tirtos/packages/ti/sysbios/BIOS.c ...
clm4fg /home/vestel/ti/simplelink_cc13x2_26x2_sdk_4_30_00_54/kernel/tirtos/packages/ti/sysbios/knl/Clock.c ...
clm4fg /home/vestel/workspace_ccs/tirtos_builds_cc13x2_cc26x2_release_gcc/Debug/configPkg/package/cfg/release_pm4fg_ti_sysbios_knl_Clock_config.c ...
clm4fg /home/vestel/ti/simplelink_cc13x2_26x2_sdk_4_30_00_54/kernel/tirtos/packages/ti/sysbios/knl/Idle.c ...
clm4fg /home/vestel/ti/simplelink_cc13x2_26x2_sdk_4_30_00_54/kernel/tirtos/packages/ti/sysbios/knl/Intrinsics.c ...
clm4fg /home/vestel/ti/simplelink_cc13x2_26x2_sdk_4_30_00_54/kernel/tirtos/packages/ti/sysbios/knl/Event.c ...
clm4fg /home/vestel/workspace_ccs/tirtos_builds_cc13x2_cc26x2_release_gcc/Debug/configPkg/package/cfg/release_pm4fg_ti_sysbios_knl_Event_config.c ...
clm4fg /home/vestel/ti/simplelink_cc13x2_26x2_sdk_4_30_00_54/kernel/tirtos/packages/ti/sysbios/knl/Mailbox.c ...
clm4fg /home/vestel/workspace_ccs/tirtos_builds_cc13x2_cc26x2_release_gcc/Debug/configPkg/package/cfg/release_pm4fg_ti_sysbios_knl_Mailbox_config.c ...
clm4fg /home/vestel/ti/simplelink_cc13x2_26x2_sdk_4_30_00_54/kernel/tirtos/packages/ti/sysbios/knl/Queue.c ...
clm4fg /home/vestel/workspace_ccs/tirtos_builds_cc13x2_cc26x2_release_gcc/Debug/configPkg/package/cfg/release_pm4fg_ti_sysbios_knl_Queue_config.c ...
clm4fg /home/vestel/ti/simplelink_cc13x2_26x2_sdk_4_30_00_54/kernel/tirtos/packages/ti/sysbios/knl/Semaphore.c ...
clm4fg /home/vestel/workspace_ccs/tirtos_builds_cc13x2_cc26x2_release_gcc/Debug/configPkg/package/cfg/release_pm4fg_ti_sysbios_knl_Semaphore_config.c ...
clm4fg /home/vestel/ti/simplelink_cc13x2_26x2_sdk_4_30_00_54/kernel/tirtos/packages/ti/sysbios/knl/Swi.c ...
clm4fg /home/vestel/workspace_ccs/tirtos_builds_cc13x2_cc26x2_release_gcc/Debug/configPkg/package/cfg/release_pm4fg_ti_sysbios_knl_Swi_config.c ...
clm4fg /home/vestel/ti/simplelink_cc13x2_26x2_sdk_4_30_00_54/kernel/tirtos/packages/ti/sysbios/knl/Task.c ...
clm4fg /home/vestel/workspace_ccs/tirtos_builds_cc13x2_cc26x2_release_gcc/Debug/configPkg/package/cfg/release_pm4fg_ti_sysbios_knl_Task_config.c ...
clm4fg /home/vestel/workspace_ccs/tirtos_builds_cc13x2_cc26x2_release_gcc/Debug/configPkg/package/cfg/release_pm4fg_ti_sysbios_knl_Clock_TimerProxy_config.c ...
clm4fg /home/vestel/workspace_ccs/tirtos_builds_cc13x2_cc26x2_release_gcc/Debug/configPkg/package/cfg/release_pm4fg_ti_sysbios_knl_Task_SupportProxy_config.c ...
clm4fg /home/vestel/workspace_ccs/tirtos_builds_cc13x2_cc26x2_release_gcc/Debug/configPkg/package/cfg/release_pm4fg_ti_sysbios_BIOS_config.c ...
clm4fg /home/vestel/workspace_ccs/tirtos_builds_cc13x2_cc26x2_release_gcc/Debug/configPkg/package/cfg/release_pm4fg_ti_sysbios_BIOS_RtsGateProxy_config.c ...
clm4fg /home/vestel/ti/simplelink_cc13x2_26x2_sdk_4_30_00_54/kernel/tirtos/packages/ti/sysbios/family/arm/m3/Hwi.c ...
clm4fg /home/vestel/workspace_ccs/tirtos_builds_cc13x2_cc26x2_release_gcc/Debug/configPkg/package/cfg/release_pm4fg_ti_sysbios_family_arm_m3_Hwi_config.c ...
clm4fg /home/vestel/ti/simplelink_cc13x2_26x2_sdk_4_30_00_54/kernel/tirtos/packages/ti/sysbios/family/arm/m3/TaskSupport.c ...
clm4fg /home/vestel/workspace_ccs/tirtos_builds_cc13x2_cc26x2_release_gcc/Debug/configPkg/package/cfg/release_pm4fg_ti_sysbios_family_arm_m3_TaskSupport_config.c ...
clm4fg /home/vestel/ti/simplelink_cc13x2_26x2_sdk_4_30_00_54/kernel/tirtos/packages/ti/sysbios/family/arm/cc26xx/Boot.c ...
clm4fg /home/vestel/ti/simplelink_cc13x2_26x2_sdk_4_30_00_54/kernel/tirtos/packages/ti/sysbios/family/arm/cc26xx/Seconds.c ...
clm4fg /home/vestel/ti/simplelink_cc13x2_26x2_sdk_4_30_00_54/kernel/tirtos/packages/ti/sysbios/family/arm/cc26xx/Timer.c ...
clm4fg /home/vestel/workspace_ccs/tirtos_builds_cc13x2_cc26x2_release_gcc/Debug/configPkg/package/cfg/release_pm4fg_ti_sysbios_family_arm_cc26xx_Timer_config.c ...
clm4fg /home/vestel/ti/simplelink_cc13x2_26x2_sdk_4_30_00_54/kernel/tirtos/packages/ti/sysbios/family/arm/cc26xx/TimestampProvider.c ...
clm4fg /home/vestel/workspace_ccs/tirtos_builds_cc13x2_cc26x2_release_gcc/Debug/configPkg/package/cfg/release_pm4fg_ti_sysbios_family_arm_cc26xx_TimestampProvider_config.c ...
clm4fg /home/vestel/ti/simplelink_cc13x2_26x2_sdk_4_30_00_54/kernel/tirtos/packages/ti/sysbios/hal/Hwi.c ...
clm4fg /home/vestel/ti/simplelink_cc13x2_26x2_sdk_4_30_00_54/kernel/tirtos/packages/ti/sysbios/hal/Hwi_stack.c ...
clm4fg /home/vestel/ti/simplelink_cc13x2_26x2_sdk_4_30_00_54/kernel/tirtos/packages/ti/sysbios/hal/Hwi_startup.c ...
clm4fg /home/vestel/workspace_ccs/tirtos_builds_cc13x2_cc26x2_release_gcc/Debug/configPkg/package/cfg/release_pm4fg_ti_sysbios_hal_Hwi_config.c ...
clm4fg /home/vestel/ti/simplelink_cc13x2_26x2_sdk_4_30_00_54/kernel/tirtos/packages/ti/sysbios/hal/Seconds.c ...
clm4fg /home/vestel/workspace_ccs/tirtos_builds_cc13x2_cc26x2_release_gcc/Debug/configPkg/package/cfg/release_pm4fg_ti_sysbios_hal_Hwi_HwiProxy_config.c ...
clm4fg /home/vestel/ti/simplelink_cc13x2_26x2_sdk_4_30_00_54/kernel/tirtos/packages/ti/sysbios/heaps/HeapMem.c ...
clm4fg /home/vestel/workspace_ccs/tirtos_builds_cc13x2_cc26x2_release_gcc/Debug/configPkg/package/cfg/release_pm4fg_ti_sysbios_heaps_HeapMem_config.c ...
clm4fg /home/vestel/ti/simplelink_cc13x2_26x2_sdk_4_30_00_54/kernel/tirtos/packages/ti/sysbios/heaps/HeapTrack.c ...
clm4fg /home/vestel/workspace_ccs/tirtos_builds_cc13x2_cc26x2_release_gcc/Debug/configPkg/package/cfg/release_pm4fg_ti_sysbios_heaps_HeapTrack_config.c ...
clm4fg /home/vestel/workspace_ccs/tirtos_builds_cc13x2_cc26x2_release_gcc/Debug/configPkg/package/cfg/release_pm4fg_ti_sysbios_heaps_HeapMem_Module_GateProxy_config.c ...
clm4fg /home/vestel/ti/simplelink_cc13x2_26x2_sdk_4_30_00_54/kernel/tirtos/packages/ti/sysbios/rts/gnu/ReentSupport_stub.c ...
clm4fg /home/vestel/ti/simplelink_cc13x2_26x2_sdk_4_30_00_54/kernel/tirtos/packages/ti/sysbios/gates/GateHwi.c ...
clm4fg /home/vestel/workspace_ccs/tirtos_builds_cc13x2_cc26x2_release_gcc/Debug/configPkg/package/cfg/release_pm4fg_ti_sysbios_gates_GateHwi_config.c ...
clm4fg /home/vestel/ti/simplelink_cc13x2_26x2_sdk_4_30_00_54/kernel/tirtos/packages/ti/sysbios/gates/GateMutex.c ...
clm4fg /home/vestel/workspace_ccs/tirtos_builds_cc13x2_cc26x2_release_gcc/Debug/configPkg/package/cfg/release_pm4fg_ti_sysbios_gates_GateMutex_config.c ...
clm4fg /opt/ti/ccs1011/xdctools_3_61_02_27_core/packages/xdc/runtime/xdc_noinit.c ...
clm4fg /opt/ti/ccs1011/xdctools_3_61_02_27_core/packages/xdc/runtime/Assert.c ...
clm4fg /opt/ti/ccs1011/xdctools_3_61_02_27_core/packages/xdc/runtime/Core-mem.c ...
clm4fg /opt/ti/ccs1011/xdctools_3_61_02_27_core/packages/xdc/runtime/Core-smem.c ...
clm4fg /opt/ti/ccs1011/xdctools_3_61_02_27_core/packages/xdc/runtime/Core-label.c ...
clm4fg /opt/ti/ccs1011/xdctools_3_61_02_27_core/packages/xdc/runtime/Core-params.c ...
clm4fg /opt/ti/ccs1011/xdctools_3_61_02_27_core/packages/xdc/runtime/Diags.c ...
clm4fg /opt/ti/ccs1011/xdctools_3_61_02_27_core/packages/xdc/runtime/Error.c ...
clm4fg /home/vestel/workspace_ccs/tirtos_builds_cc13x2_cc26x2_release_gcc/Debug/configPkg/package/cfg/release_pm4fg_xdc_runtime_Error_config.c ...
clm4fg /opt/ti/ccs1011/xdctools_3_61_02_27_core/packages/xdc/runtime/Gate.c ...
clm4fg /opt/ti/ccs1011/xdctools_3_61_02_27_core/packages/xdc/runtime/Log.c ...
clm4fg /opt/ti/ccs1011/xdctools_3_61_02_27_core/packages/xdc/runtime/Memory.c ...
clm4fg /home/vestel/workspace_ccs/tirtos_builds_cc13x2_cc26x2_release_gcc/Debug/configPkg/package/cfg/release_pm4fg_xdc_runtime_Memory_config.c ...
clm4fg /opt/ti/ccs1011/xdctools_3_61_02_27_core/packages/xdc/runtime/Registry.c ...
clm4fg /opt/ti/ccs1011/xdctools_3_61_02_27_core/packages/xdc/runtime/Startup.c ...
clm4fg /opt/ti/ccs1011/xdctools_3_61_02_27_core/packages/xdc/runtime/System.c ...
clm4fg /home/vestel/workspace_ccs/tirtos_builds_cc13x2_cc26x2_release_gcc/Debug/configPkg/package/cfg/release_pm4fg_xdc_runtime_System_config.c ...
clm4fg /opt/ti/ccs1011/xdctools_3_61_02_27_core/packages/xdc/runtime/SysCallback.c ...
clm4fg /home/vestel/workspace_ccs/tirtos_builds_cc13x2_cc26x2_release_gcc/Debug/configPkg/package/cfg/release_pm4fg_xdc_runtime_SysCallback_config.c ...
clm4fg /opt/ti/ccs1011/xdctools_3_61_02_27_core/packages/xdc/runtime/Text.c ...
clm4fg /opt/ti/ccs1011/xdctools_3_61_02_27_core/packages/xdc/runtime/Timestamp.c ...
clm4fg /home/vestel/workspace_ccs/tirtos_builds_cc13x2_cc26x2_release_gcc/Debug/configPkg/package/cfg/release_pm4fg_xdc_runtime_Timestamp_config.c ...
clm4fg /home/vestel/workspace_ccs/tirtos_builds_cc13x2_cc26x2_release_gcc/Debug/configPkg/package/cfg/release_pm4fg_xdc_runtime_Memory_HeapProxy_config.c ...
clm4fg /home/vestel/workspace_ccs/tirtos_builds_cc13x2_cc26x2_release_gcc/Debug/configPkg/package/cfg/release_pm4fg_xdc_runtime_System_Module_GateProxy_config.c ...
clm4fg /home/vestel/workspace_ccs/tirtos_builds_cc13x2_cc26x2_release_gcc/Debug/configPkg/package/cfg/release_pm4fg_xdc_runtime_Timestamp_SupportProxy_config.c ...
clm4fg /home/vestel/ti/simplelink_cc13x2_26x2_sdk_4_30_00_54/source/ti/posix/tirtos/clock.c ...
clm4fg /home/vestel/ti/simplelink_cc13x2_26x2_sdk_4_30_00_54/source/ti/posix/tirtos/mqueue.c ...
clm4fg /home/vestel/ti/simplelink_cc13x2_26x2_sdk_4_30_00_54/source/ti/posix/tirtos/pthread.c ...
clm4fg /home/vestel/ti/simplelink_cc13x2_26x2_sdk_4_30_00_54/source/ti/posix/tirtos/pthread_barrier.c ...
clm4fg /home/vestel/ti/simplelink_cc13x2_26x2_sdk_4_30_00_54/source/ti/posix/tirtos/pthread_cond.c ...
clm4fg /home/vestel/ti/simplelink_cc13x2_26x2_sdk_4_30_00_54/source/ti/posix/tirtos/pthread_key.c ...
clm4fg /home/vestel/ti/simplelink_cc13x2_26x2_sdk_4_30_00_54/source/ti/posix/tirtos/pthread_mutex.c ...
clm4fg /home/vestel/ti/simplelink_cc13x2_26x2_sdk_4_30_00_54/source/ti/posix/tirtos/pthread_rwlock.c ...
clm4fg /home/vestel/ti/simplelink_cc13x2_26x2_sdk_4_30_00_54/source/ti/posix/tirtos/pthread_util.c ...
clm4fg /home/vestel/ti/simplelink_cc13x2_26x2_sdk_4_30_00_54/source/ti/posix/tirtos/sched.c ...
clm4fg /home/vestel/ti/simplelink_cc13x2_26x2_sdk_4_30_00_54/source/ti/posix/tirtos/semaphore.c ...
clm4fg /home/vestel/ti/simplelink_cc13x2_26x2_sdk_4_30_00_54/source/ti/posix/tirtos/sleep.c ...
clm4fg /home/vestel/ti/simplelink_cc13x2_26x2_sdk_4_30_00_54/source/ti/posix/tirtos/timer.c ...
arm4fg m3_Hwi_asm_gnu.o m3_Hwi_asm_switch_gnu.o m3_IntrinsicsSupport_asm_gnu.o m3_TaskSupport_asm_gnu.o _BIOS.o knl_Clock.o cfg_release_pm4fg_ti_sysbios_knl_Clock_config.o knl_Idle.o knl_Intrinsics.o knl_Event.o cfg_release_pm4fg_ti_sysbios_knl_Event_config.o knl_Mailbox.o cfg_release_pm4fg_ti_sysbios_knl_Mailbox_config.o knl_Queue.o cfg_release_pm4fg_ti_sysbios_knl_Queue_config.o knl_Semaphore.o cfg_release_pm4fg_ti_sysbios_knl_Semaphore_config.o knl_Swi.o cfg_release_pm4fg_ti_sysbios_knl_Swi_config.o knl_Task.o cfg_release_pm4fg_ti_sysbios_knl_Task_config.o cfg_release_pm4fg_ti_sysbios_knl_Clock_TimerProxy_config.o cfg_release_pm4fg_ti_sysbios_knl_Task_SupportProxy_config.o cfg_release_pm4fg_ti_sysbios_BIOS_config.o cfg_release_pm4fg_ti_sysbios_BIOS_RtsGateProxy_config.o m3_Hwi.o cfg_release_pm4fg_ti_sysbios_family_arm_m3_Hwi_config.o m3_TaskSupport.o cfg_release_pm4fg_ti_sysbios_family_arm_m3_TaskSupport_config.o cc26xx_Boot.o cc26xx_Seconds.o cc26xx_Timer.o cfg_release_pm4fg_ti_sysbios_family_arm_cc26xx_Timer_config.o cc26xx_TimestampProvider.o cfg_release_pm4fg_ti_sysbios_family_arm_cc26xx_TimestampProvider_config.o hal_Hwi.o hal_Hwi_stack.o hal_Hwi_startup.o cfg_release_pm4fg_ti_sysbios_hal_Hwi_config.o hal_Seconds.o cfg_release_pm4fg_ti_sysbios_hal_Hwi_HwiProxy_config.o heaps_HeapMem.o cfg_release_pm4fg_ti_sysbios_heaps_HeapMem_config.o heaps_HeapTrack.o cfg_release_pm4fg_ti_sysbios_heaps_HeapTrack_config.o cfg_release_pm4fg_ti_sysbios_heaps_HeapMem_Module_GateProxy_config.o gnu_ReentSupport_stub.o gates_GateHwi.o cfg_release_pm4fg_ti_sysbios_gates_GateHwi_config.o gates_GateMutex.o cfg_release_pm4fg_ti_sysbios_gates_GateMutex_config.o runtime_xdc_noinit.o runtime_Assert.o runtime_Core-mem.o runtime_Core-smem.o runtime_Core-label.o runtime_Core-params.o runtime_Diags.o runtime_Error.o cfg_release_pm4fg_xdc_runtime_Error_config.o runtime_Gate.o runtime_Log.o runtime_Memory.o cfg_release_pm4fg_xdc_runtime_Memory_config.o runtime_Registry.o runtime_Startup.o runtime_System.o cfg_release_pm4fg_xdc_runtime_System_config.o runtime_SysCallback.o cfg_release_pm4fg_xdc_runtime_SysCallback_config.o runtime_Text.o runtime_Timestamp.o cfg_release_pm4fg_xdc_runtime_Timestamp_config.o cfg_release_pm4fg_xdc_runtime_Memory_HeapProxy_config.o cfg_release_pm4fg_xdc_runtime_System_Module_GateProxy_config.o cfg_release_pm4fg_xdc_runtime_Timestamp_SupportProxy_config.o tirtos_clock.o tirtos_mqueue.o tirtos_pthread.o tirtos_pthread_barrier.o tirtos_pthread_cond.o tirtos_pthread_key.o tirtos_pthread_mutex.o tirtos_pthread_rwlock.o tirtos_pthread_util.o tirtos_sched.o tirtos_semaphore.o tirtos_sleep.o tirtos_timer.o ...
Build of libraries done.
clm4fg package/cfg/release_pm4fg.c ...
Finished building: "../release.cfg"
 
making ../src/sysbios/rom_sysbios.am4fg ...
gmake[1]: Nothing to be done for 'all'.
gmake[1]: Nothing to be done for 'configPkg/linker.cmd'.
making ../src/sysbios/rom_sysbios.am4fg ...
gmake[2]: Nothing to be done for 'all'.

**** Build Finished ****
